<?xml version="1.0" encoding="UTF-8"?>
<testsuite xmlns:xsi="http://www.w3.org/2001/XMLSchema-instance" xsi:noNamespaceSchemaLocation="https://maven.apache.org/surefire/maven-surefire-plugin/xsd/surefire-test-report-3.0.xsd" version="3.0" name="mx.com.tarea3.util.error.ErrorCodesEnumTest" time="0.131" tests="11" errors="0" skipped="0" failures="0">
  <properties>
[...]
</properties>
  <testcase name="testGetName_INVALID_LINK" classname="mx.com.tarea3.util.error.ErrorCodesEnumTest" time="0.017"/>
  <testcase name="testGetName_NOT_FOUND" classname="mx.com.tarea3.util.error.ErrorCodesEnumTest" time="0.001"/>
  <testcase name="testGetName_ERROR_EN_COMUNICACIONES" classname="mx.com.tarea3.util.error.ErrorCodesEnumTest" time="0.001"/>
  <testcase name="testGetName_CAPA_PERSISTENCIA" classname="mx.com.tarea3.util.error.ErrorCodesEnumTest" time="0.001"/>
  <testcase name="testGetName_BAD_REQUEST" classname="mx.com.tarea3.util.error.ErrorCodesEnumTest" time="0.001"/>
  <testcase name="testGetName_NEW_LINK" classname="mx.com.tarea3.util.error.ErrorCodesEnumTest" time="0.001"/>
  <testcase name="testGetName_ERROR" classname="mx.com.tarea3.util.error.ErrorCodesEnumTest" time="0.001"/>
  <testcase name="testGetName_RNN001" classname="mx.com.tarea3.util.error.ErrorCodesEnumTest" time="0.001"/>
  <testcase name="testGetName_RNS001" classname="mx.com.tarea3.util.error.ErrorCodesEnumTest" time="0.001"/>
  <testcase name="testGetName_RNS002" classname="mx.com.tarea3.util.error.ErrorCodesEnumTest" time="0"/>
  <testcase name="testGetName_RNS004" classname="mx.com.tarea3.util.error.ErrorCodesEnumTest" time="0"/>
</testsuite>